  Base.cpp
  Expedition_1.cpp
  Fossils.cpp
D:\GitHub\Paleontologist-simulator-2.0\Paleontologist-simulator-2.0\Paleontologist simulator 2.0\Paleontologist simulator 2.0\Fossils.cpp(12,28): warning C4244: аргумент: преобразование "int" в "float", возможна потеря данных
D:\GitHub\Paleontologist-simulator-2.0\Paleontologist-simulator-2.0\Paleontologist simulator 2.0\Paleontologist simulator 2.0\Fossils.cpp(12,25): warning C4244: аргумент: преобразование "int" в "float", возможна потеря данных
D:\GitHub\Paleontologist-simulator-2.0\Paleontologist-simulator-2.0\Paleontologist simulator 2.0\Paleontologist simulator 2.0\Fossils.cpp(103,25): warning C4244: +=: преобразование "float" в "int", возможна потеря данных
D:\GitHub\Paleontologist-simulator-2.0\Paleontologist-simulator-2.0\Paleontologist simulator 2.0\Paleontologist simulator 2.0\Fossils.cpp(113,25): warning C4244: -=: преобразование "float" в "int", возможна потеря данных
D:\GitHub\Paleontologist-simulator-2.0\Paleontologist-simulator-2.0\Paleontologist simulator 2.0\Paleontologist simulator 2.0\Fossils.cpp(135,24): warning C4244: +=: преобразование "float" в "int", возможна потеря данных
D:\GitHub\Paleontologist-simulator-2.0\Paleontologist-simulator-2.0\Paleontologist simulator 2.0\Paleontologist simulator 2.0\Fossils.cpp(145,24): warning C4244: -=: преобразование "float" в "int", возможна потеря данных
D:\GitHub\Paleontologist-simulator-2.0\Paleontologist-simulator-2.0\Paleontologist simulator 2.0\Paleontologist simulator 2.0\Fossils.cpp(167,23): warning C4244: +=: преобразование "float" в "int", возможна потеря данных
D:\GitHub\Paleontologist-simulator-2.0\Paleontologist-simulator-2.0\Paleontologist simulator 2.0\Paleontologist simulator 2.0\Fossils.cpp(177,23): warning C4244: -=: преобразование "float" в "int", возможна потеря данных
  Game.cpp
  Inventory.cpp
  main.cpp
  Mammoth.cpp
  Menu.cpp
  Museum.cpp
  Neanderthal.cpp
  PlayerController.cpp
D:\GitHub\Paleontologist-simulator-2.0\Paleontologist-simulator-2.0\Paleontologist simulator 2.0\Paleontologist simulator 2.0\PlayerController.cpp(76,28): warning C4244: +=: преобразование "float" в "int", возможна потеря данных
  Pterodactyl.cpp
  Scene.cpp
  Shop.cpp
  Tyrannosaurus.cpp
  UI.cpp
D:\GitHub\Paleontologist-simulator-2.0\Paleontologist-simulator-2.0\Paleontologist simulator 2.0\Paleontologist simulator 2.0\UI.cpp(95,35): warning C4305: аргумент: усечение из "double" в "float"
D:\GitHub\Paleontologist-simulator-2.0\Paleontologist-simulator-2.0\Paleontologist simulator 2.0\Paleontologist simulator 2.0\UI.cpp(95,29): warning C4305: аргумент: усечение из "double" в "float"
D:\GitHub\Paleontologist-simulator-2.0\Paleontologist-simulator-2.0\Paleontologist simulator 2.0\Paleontologist simulator 2.0\UI.cpp(107,34): warning C4305: аргумент: усечение из "double" в "float"
D:\GitHub\Paleontologist-simulator-2.0\Paleontologist-simulator-2.0\Paleontologist simulator 2.0\Paleontologist simulator 2.0\UI.cpp(107,28): warning C4305: аргумент: усечение из "double" в "float"
D:\GitHub\Paleontologist-simulator-2.0\Paleontologist-simulator-2.0\Paleontologist simulator 2.0\Paleontologist simulator 2.0\UI.cpp(119,33): warning C4305: аргумент: усечение из "double" в "float"
D:\GitHub\Paleontologist-simulator-2.0\Paleontologist-simulator-2.0\Paleontologist simulator 2.0\Paleontologist simulator 2.0\UI.cpp(119,27): warning C4305: аргумент: усечение из "double" в "float"
D:\GitHub\Paleontologist-simulator-2.0\Paleontologist-simulator-2.0\Paleontologist simulator 2.0\Paleontologist simulator 2.0\UI.cpp(131,32): warning C4305: аргумент: усечение из "double" в "float"
D:\GitHub\Paleontologist-simulator-2.0\Paleontologist-simulator-2.0\Paleontologist simulator 2.0\Paleontologist simulator 2.0\UI.cpp(131,26): warning C4305: аргумент: усечение из "double" в "float"
D:\GitHub\Paleontologist-simulator-2.0\Paleontologist-simulator-2.0\Paleontologist simulator 2.0\Paleontologist simulator 2.0\UI.cpp(143,36): warning C4305: аргумент: усечение из "double" в "float"
D:\GitHub\Paleontologist-simulator-2.0\Paleontologist-simulator-2.0\Paleontologist simulator 2.0\Paleontologist simulator 2.0\UI.cpp(143,30): warning C4305: аргумент: усечение из "double" в "float"
  Создание кода
  446 of 447 functions (99.8%) were compiled, the rest were copied from previous compilation.
    348 functions were new in current compilation
    0 functions had inline decision re-evaluated but remain unchanged
  Создание кода завершено
  Paleontologist simulator 2.0.vcxproj -> D:\GitHub\Paleontologist-simulator-2.0\Paleontologist-simulator-2.0\Paleontologist simulator 2.0\x64\Release\Paleontologist simulator 2.0.exe
