d:\github\paleontologist-simulator-2.0\paleontologist-simulator-2.0\paleontologist simulator 2.0\paleontologist simulator 2.0\x64\release\vc143.pdb
d:\github\paleontologist-simulator-2.0\paleontologist-simulator-2.0\paleontologist simulator 2.0\paleontologist simulator 2.0\x64\release\ui.obj
d:\github\paleontologist-simulator-2.0\paleontologist-simulator-2.0\paleontologist simulator 2.0\paleontologist simulator 2.0\x64\release\tyrannosaurus.obj
d:\github\paleontologist-simulator-2.0\paleontologist-simulator-2.0\paleontologist simulator 2.0\paleontologist simulator 2.0\x64\release\shop.obj
d:\github\paleontologist-simulator-2.0\paleontologist-simulator-2.0\paleontologist simulator 2.0\paleontologist simulator 2.0\x64\release\scene.obj
d:\github\paleontologist-simulator-2.0\paleontologist-simulator-2.0\paleontologist simulator 2.0\paleontologist simulator 2.0\x64\release\pterodactyl.obj
d:\github\paleontologist-simulator-2.0\paleontologist-simulator-2.0\paleontologist simulator 2.0\paleontologist simulator 2.0\x64\release\playercontroller.obj
d:\github\paleontologist-simulator-2.0\paleontologist-simulator-2.0\paleontologist simulator 2.0\paleontologist simulator 2.0\x64\release\neanderthal.obj
d:\github\paleontologist-simulator-2.0\paleontologist-simulator-2.0\paleontologist simulator 2.0\paleontologist simulator 2.0\x64\release\museum.obj
d:\github\paleontologist-simulator-2.0\paleontologist-simulator-2.0\paleontologist simulator 2.0\paleontologist simulator 2.0\x64\release\menu.obj
d:\github\paleontologist-simulator-2.0\paleontologist-simulator-2.0\paleontologist simulator 2.0\paleontologist simulator 2.0\x64\release\mammoth.obj
d:\github\paleontologist-simulator-2.0\paleontologist-simulator-2.0\paleontologist simulator 2.0\paleontologist simulator 2.0\x64\release\main.obj
d:\github\paleontologist-simulator-2.0\paleontologist-simulator-2.0\paleontologist simulator 2.0\paleontologist simulator 2.0\x64\release\inventory.obj
d:\github\paleontologist-simulator-2.0\paleontologist-simulator-2.0\paleontologist simulator 2.0\paleontologist simulator 2.0\x64\release\game.obj
d:\github\paleontologist-simulator-2.0\paleontologist-simulator-2.0\paleontologist simulator 2.0\paleontologist simulator 2.0\x64\release\fossils.obj
d:\github\paleontologist-simulator-2.0\paleontologist-simulator-2.0\paleontologist simulator 2.0\paleontologist simulator 2.0\x64\release\expedition_1.obj
d:\github\paleontologist-simulator-2.0\paleontologist-simulator-2.0\paleontologist simulator 2.0\paleontologist simulator 2.0\x64\release\base.obj
d:\github\paleontologist-simulator-2.0\paleontologist-simulator-2.0\paleontologist simulator 2.0\x64\release\paleontologist simulator 2.0.exe
d:\github\paleontologist-simulator-2.0\paleontologist-simulator-2.0\paleontologist simulator 2.0\x64\release\paleontologist simulator 2.0.pdb
d:\github\paleontologist-simulator-2.0\paleontologist-simulator-2.0\paleontologist simulator 2.0\paleontologist simulator 2.0\x64\release\paleontologist simulator 2.0.ipdb
d:\github\paleontologist-simulator-2.0\paleontologist-simulator-2.0\paleontologist simulator 2.0\paleontologist simulator 2.0\x64\release\paleontologist simulator 2.0.iobj
d:\github\paleontologist-simulator-2.0\paleontologist-simulator-2.0\paleontologist simulator 2.0\paleontologist simulator 2.0\x64\release\paleonto.75d16ae6.tlog\cl.command.1.tlog
d:\github\paleontologist-simulator-2.0\paleontologist-simulator-2.0\paleontologist simulator 2.0\paleontologist simulator 2.0\x64\release\paleonto.75d16ae6.tlog\cl.items.tlog
d:\github\paleontologist-simulator-2.0\paleontologist-simulator-2.0\paleontologist simulator 2.0\paleontologist simulator 2.0\x64\release\paleonto.75d16ae6.tlog\cl.read.1.tlog
d:\github\paleontologist-simulator-2.0\paleontologist-simulator-2.0\paleontologist simulator 2.0\paleontologist simulator 2.0\x64\release\paleonto.75d16ae6.tlog\cl.write.1.tlog
d:\github\paleontologist-simulator-2.0\paleontologist-simulator-2.0\paleontologist simulator 2.0\paleontologist simulator 2.0\x64\release\paleonto.75d16ae6.tlog\link.command.1.tlog
d:\github\paleontologist-simulator-2.0\paleontologist-simulator-2.0\paleontologist simulator 2.0\paleontologist simulator 2.0\x64\release\paleonto.75d16ae6.tlog\link.read.1.tlog
d:\github\paleontologist-simulator-2.0\paleontologist-simulator-2.0\paleontologist simulator 2.0\paleontologist simulator 2.0\x64\release\paleonto.75d16ae6.tlog\link.secondary.1.tlog
d:\github\paleontologist-simulator-2.0\paleontologist-simulator-2.0\paleontologist simulator 2.0\paleontologist simulator 2.0\x64\release\paleonto.75d16ae6.tlog\link.write.1.tlog
