d:\github\paleontologist-simulator-2.0\paleontologist-simulator-2.0\paleontologist simulator 2.0\paleontologist simulator 2.0\x64\debug\vc143.pdb
d:\github\paleontologist-simulator-2.0\paleontologist-simulator-2.0\paleontologist simulator 2.0\paleontologist simulator 2.0\x64\debug\vc143.idb
d:\github\paleontologist-simulator-2.0\paleontologist-simulator-2.0\paleontologist simulator 2.0\paleontologist simulator 2.0\x64\debug\ui.obj
d:\github\paleontologist-simulator-2.0\paleontologist-simulator-2.0\paleontologist simulator 2.0\paleontologist simulator 2.0\x64\debug\tyrannosaurus.obj
d:\github\paleontologist-simulator-2.0\paleontologist-simulator-2.0\paleontologist simulator 2.0\paleontologist simulator 2.0\x64\debug\shop.obj
d:\github\paleontologist-simulator-2.0\paleontologist-simulator-2.0\paleontologist simulator 2.0\paleontologist simulator 2.0\x64\debug\scene.obj
d:\github\paleontologist-simulator-2.0\paleontologist-simulator-2.0\paleontologist simulator 2.0\paleontologist simulator 2.0\x64\debug\pterodactyl.obj
d:\github\paleontologist-simulator-2.0\paleontologist-simulator-2.0\paleontologist simulator 2.0\paleontologist simulator 2.0\x64\debug\playercontroller.obj
d:\github\paleontologist-simulator-2.0\paleontologist-simulator-2.0\paleontologist simulator 2.0\paleontologist simulator 2.0\x64\debug\neanderthal.obj
d:\github\paleontologist-simulator-2.0\paleontologist-simulator-2.0\paleontologist simulator 2.0\paleontologist simulator 2.0\x64\debug\museum.obj
d:\github\paleontologist-simulator-2.0\paleontologist-simulator-2.0\paleontologist simulator 2.0\paleontologist simulator 2.0\x64\debug\mammoth.obj
d:\github\paleontologist-simulator-2.0\paleontologist-simulator-2.0\paleontologist simulator 2.0\paleontologist simulator 2.0\x64\debug\main.obj
d:\github\paleontologist-simulator-2.0\paleontologist-simulator-2.0\paleontologist simulator 2.0\paleontologist simulator 2.0\x64\debug\inventory.obj
d:\github\paleontologist-simulator-2.0\paleontologist-simulator-2.0\paleontologist simulator 2.0\paleontologist simulator 2.0\x64\debug\fossils.obj
d:\github\paleontologist-simulator-2.0\paleontologist-simulator-2.0\paleontologist simulator 2.0\paleontologist simulator 2.0\x64\debug\expedition_1.obj
d:\github\paleontologist-simulator-2.0\paleontologist-simulator-2.0\paleontologist simulator 2.0\paleontologist simulator 2.0\x64\debug\base.obj
d:\github\paleontologist-simulator-2.0\paleontologist-simulator-2.0\paleontologist simulator 2.0\x64\debug\paleontologist simulator 2.0.exe
d:\github\paleontologist-simulator-2.0\paleontologist-simulator-2.0\paleontologist simulator 2.0\x64\debug\paleontologist simulator 2.0.pdb
d:\github\paleontologist-simulator-2.0\paleontologist-simulator-2.0\paleontologist simulator 2.0\paleontologist simulator 2.0\x64\debug\paleontologist simulator 2.0.ilk
d:\github\paleontologist-simulator-2.0\paleontologist-simulator-2.0\paleontologist simulator 2.0\paleontologist simulator 2.0\x64\debug\paleonto.75d16ae6.tlog\cl.command.1.tlog
d:\github\paleontologist-simulator-2.0\paleontologist-simulator-2.0\paleontologist simulator 2.0\paleontologist simulator 2.0\x64\debug\paleonto.75d16ae6.tlog\cl.items.tlog
d:\github\paleontologist-simulator-2.0\paleontologist-simulator-2.0\paleontologist simulator 2.0\paleontologist simulator 2.0\x64\debug\paleonto.75d16ae6.tlog\cl.read.1.tlog
d:\github\paleontologist-simulator-2.0\paleontologist-simulator-2.0\paleontologist simulator 2.0\paleontologist simulator 2.0\x64\debug\paleonto.75d16ae6.tlog\cl.write.1.tlog
d:\github\paleontologist-simulator-2.0\paleontologist-simulator-2.0\paleontologist simulator 2.0\paleontologist simulator 2.0\x64\debug\paleonto.75d16ae6.tlog\link.command.1.tlog
d:\github\paleontologist-simulator-2.0\paleontologist-simulator-2.0\paleontologist simulator 2.0\paleontologist simulator 2.0\x64\debug\paleonto.75d16ae6.tlog\link.read.1.tlog
d:\github\paleontologist-simulator-2.0\paleontologist-simulator-2.0\paleontologist simulator 2.0\paleontologist simulator 2.0\x64\debug\paleonto.75d16ae6.tlog\link.secondary.1.tlog
d:\github\paleontologist-simulator-2.0\paleontologist-simulator-2.0\paleontologist simulator 2.0\paleontologist simulator 2.0\x64\debug\paleonto.75d16ae6.tlog\link.write.1.tlog
