  Base.cpp
D:\GitHub\Paleontologist-simulator-2.0\Paleontologist-simulator-2.0\Paleontologist simulator 2.0\Paleontologist simulator 2.0\UI.h(5,10): warning C4067: непредвиденные лексемы за директивой препроцессора, требуется newline
  (компиляция исходного файла "Base.cpp")
  
D:\GitHub\Paleontologist-simulator-2.0\Paleontologist-simulator-2.0\Paleontologist simulator 2.0\Paleontologist simulator 2.0\Museum.h(56,8): error C3646: Text: неизвестный спецификатор переопределения
  (компиляция исходного файла "Base.cpp")
  
D:\GitHub\Paleontologist-simulator-2.0\Paleontologist-simulator-2.0\Paleontologist simulator 2.0\Paleontologist simulator 2.0\Museum.h(56,5): error C4430: отсутствует спецификатор типа - предполагается int. Примечание. C++ не поддерживает int по умолчанию
  (компиляция исходного файла "Base.cpp")
  
  Expedition_1.cpp
D:\GitHub\Paleontologist-simulator-2.0\Paleontologist-simulator-2.0\Paleontologist simulator 2.0\Paleontologist simulator 2.0\UI.h(5,10): warning C4067: непредвиденные лексемы за директивой препроцессора, требуется newline
  (компиляция исходного файла "Expedition_1.cpp")
  
D:\GitHub\Paleontologist-simulator-2.0\Paleontologist-simulator-2.0\Paleontologist simulator 2.0\Paleontologist simulator 2.0\Museum.h(56,8): error C3646: Text: неизвестный спецификатор переопределения
  (компиляция исходного файла "Expedition_1.cpp")
  
D:\GitHub\Paleontologist-simulator-2.0\Paleontologist-simulator-2.0\Paleontologist simulator 2.0\Paleontologist simulator 2.0\Museum.h(56,5): error C4430: отсутствует спецификатор типа - предполагается int. Примечание. C++ не поддерживает int по умолчанию
  (компиляция исходного файла "Expedition_1.cpp")
  
  Fossils.cpp
D:\GitHub\Paleontologist-simulator-2.0\Paleontologist-simulator-2.0\Paleontologist simulator 2.0\Paleontologist simulator 2.0\UI.h(5,10): warning C4067: непредвиденные лексемы за директивой препроцессора, требуется newline
  (компиляция исходного файла "Fossils.cpp")
  
D:\GitHub\Paleontologist-simulator-2.0\Paleontologist-simulator-2.0\Paleontologist simulator 2.0\Paleontologist simulator 2.0\Museum.h(56,8): error C3646: Text: неизвестный спецификатор переопределения
  (компиляция исходного файла "Fossils.cpp")
  
D:\GitHub\Paleontologist-simulator-2.0\Paleontologist-simulator-2.0\Paleontologist simulator 2.0\Paleontologist simulator 2.0\Museum.h(56,5): error C4430: отсутствует спецификатор типа - предполагается int. Примечание. C++ не поддерживает int по умолчанию
  (компиляция исходного файла "Fossils.cpp")
  
D:\GitHub\Paleontologist-simulator-2.0\Paleontologist-simulator-2.0\Paleontologist simulator 2.0\Paleontologist simulator 2.0\Fossils.cpp(12,28): warning C4244: аргумент: преобразование "int" в "float", возможна потеря данных
D:\GitHub\Paleontologist-simulator-2.0\Paleontologist-simulator-2.0\Paleontologist simulator 2.0\Paleontologist simulator 2.0\Fossils.cpp(12,25): warning C4244: аргумент: преобразование "int" в "float", возможна потеря данных
D:\GitHub\Paleontologist-simulator-2.0\Paleontologist-simulator-2.0\Paleontologist simulator 2.0\Paleontologist simulator 2.0\Fossils.cpp(103,25): warning C4244: +=: преобразование "float" в "int", возможна потеря данных
D:\GitHub\Paleontologist-simulator-2.0\Paleontologist-simulator-2.0\Paleontologist simulator 2.0\Paleontologist simulator 2.0\Fossils.cpp(113,25): warning C4244: -=: преобразование "float" в "int", возможна потеря данных
D:\GitHub\Paleontologist-simulator-2.0\Paleontologist-simulator-2.0\Paleontologist simulator 2.0\Paleontologist simulator 2.0\Fossils.cpp(135,24): warning C4244: +=: преобразование "float" в "int", возможна потеря данных
D:\GitHub\Paleontologist-simulator-2.0\Paleontologist-simulator-2.0\Paleontologist simulator 2.0\Paleontologist simulator 2.0\Fossils.cpp(145,24): warning C4244: -=: преобразование "float" в "int", возможна потеря данных
D:\GitHub\Paleontologist-simulator-2.0\Paleontologist-simulator-2.0\Paleontologist simulator 2.0\Paleontologist simulator 2.0\Fossils.cpp(167,23): warning C4244: +=: преобразование "float" в "int", возможна потеря данных
D:\GitHub\Paleontologist-simulator-2.0\Paleontologist-simulator-2.0\Paleontologist simulator 2.0\Paleontologist simulator 2.0\Fossils.cpp(177,23): warning C4244: -=: преобразование "float" в "int", возможна потеря данных
  main.cpp
D:\GitHub\Paleontologist-simulator-2.0\Paleontologist-simulator-2.0\Paleontologist simulator 2.0\Paleontologist simulator 2.0\UI.h(5,10): warning C4067: непредвиденные лексемы за директивой препроцессора, требуется newline
  (компиляция исходного файла "main.cpp")
  
D:\GitHub\Paleontologist-simulator-2.0\Paleontologist-simulator-2.0\Paleontologist simulator 2.0\Paleontologist simulator 2.0\Museum.h(56,8): error C3646: Text: неизвестный спецификатор переопределения
  (компиляция исходного файла "main.cpp")
  
D:\GitHub\Paleontologist-simulator-2.0\Paleontologist-simulator-2.0\Paleontologist simulator 2.0\Paleontologist simulator 2.0\Museum.h(56,5): error C4430: отсутствует спецификатор типа - предполагается int. Примечание. C++ не поддерживает int по умолчанию
  (компиляция исходного файла "main.cpp")
  
  Mammoth.cpp
D:\GitHub\Paleontologist-simulator-2.0\Paleontologist-simulator-2.0\Paleontologist simulator 2.0\Paleontologist simulator 2.0\UI.h(5,10): warning C4067: непредвиденные лексемы за директивой препроцессора, требуется newline
  (компиляция исходного файла "Mammoth.cpp")
  
D:\GitHub\Paleontologist-simulator-2.0\Paleontologist-simulator-2.0\Paleontologist simulator 2.0\Paleontologist simulator 2.0\Museum.h(56,8): error C3646: Text: неизвестный спецификатор переопределения
  (компиляция исходного файла "Mammoth.cpp")
  
D:\GitHub\Paleontologist-simulator-2.0\Paleontologist-simulator-2.0\Paleontologist simulator 2.0\Paleontologist simulator 2.0\Museum.h(56,5): error C4430: отсутствует спецификатор типа - предполагается int. Примечание. C++ не поддерживает int по умолчанию
  (компиляция исходного файла "Mammoth.cpp")
  
  Menu.cpp
D:\GitHub\Paleontologist-simulator-2.0\Paleontologist-simulator-2.0\Paleontologist simulator 2.0\Paleontologist simulator 2.0\UI.h(5,10): warning C4067: непредвиденные лексемы за директивой препроцессора, требуется newline
  (компиляция исходного файла "Menu.cpp")
  
  Neanderthal.cpp
D:\GitHub\Paleontologist-simulator-2.0\Paleontologist-simulator-2.0\Paleontologist simulator 2.0\Paleontologist simulator 2.0\UI.h(5,10): warning C4067: непредвиденные лексемы за директивой препроцессора, требуется newline
  (компиляция исходного файла "Neanderthal.cpp")
  
D:\GitHub\Paleontologist-simulator-2.0\Paleontologist-simulator-2.0\Paleontologist simulator 2.0\Paleontologist simulator 2.0\Museum.h(56,8): error C3646: Text: неизвестный спецификатор переопределения
  (компиляция исходного файла "Neanderthal.cpp")
  
D:\GitHub\Paleontologist-simulator-2.0\Paleontologist-simulator-2.0\Paleontologist simulator 2.0\Paleontologist simulator 2.0\Museum.h(56,5): error C4430: отсутствует спецификатор типа - предполагается int. Примечание. C++ не поддерживает int по умолчанию
  (компиляция исходного файла "Neanderthal.cpp")
  
  PlayerController.cpp
D:\GitHub\Paleontologist-simulator-2.0\Paleontologist-simulator-2.0\Paleontologist simulator 2.0\Paleontologist simulator 2.0\UI.h(5,10): warning C4067: непредвиденные лексемы за директивой препроцессора, требуется newline
  (компиляция исходного файла "PlayerController.cpp")
  
D:\GitHub\Paleontologist-simulator-2.0\Paleontologist-simulator-2.0\Paleontologist simulator 2.0\Paleontologist simulator 2.0\Museum.h(56,8): error C3646: Text: неизвестный спецификатор переопределения
  (компиляция исходного файла "PlayerController.cpp")
  
D:\GitHub\Paleontologist-simulator-2.0\Paleontologist-simulator-2.0\Paleontologist simulator 2.0\Paleontologist simulator 2.0\Museum.h(56,5): error C4430: отсутствует спецификатор типа - предполагается int. Примечание. C++ не поддерживает int по умолчанию
  (компиляция исходного файла "PlayerController.cpp")
  
D:\GitHub\Paleontologist-simulator-2.0\Paleontologist-simulator-2.0\Paleontologist simulator 2.0\Paleontologist simulator 2.0\PlayerController.cpp(76,28): warning C4244: +=: преобразование "float" в "int", возможна потеря данных
  Pterodactyl.cpp
D:\GitHub\Paleontologist-simulator-2.0\Paleontologist-simulator-2.0\Paleontologist simulator 2.0\Paleontologist simulator 2.0\UI.h(5,10): warning C4067: непредвиденные лексемы за директивой препроцессора, требуется newline
  (компиляция исходного файла "Pterodactyl.cpp")
  
D:\GitHub\Paleontologist-simulator-2.0\Paleontologist-simulator-2.0\Paleontologist simulator 2.0\Paleontologist simulator 2.0\Museum.h(56,8): error C3646: Text: неизвестный спецификатор переопределения
  (компиляция исходного файла "Pterodactyl.cpp")
  
D:\GitHub\Paleontologist-simulator-2.0\Paleontologist-simulator-2.0\Paleontologist simulator 2.0\Paleontologist simulator 2.0\Museum.h(56,5): error C4430: отсутствует спецификатор типа - предполагается int. Примечание. C++ не поддерживает int по умолчанию
  (компиляция исходного файла "Pterodactyl.cpp")
  
  Shop.cpp
D:\GitHub\Paleontologist-simulator-2.0\Paleontologist-simulator-2.0\Paleontologist simulator 2.0\Paleontologist simulator 2.0\UI.h(5,10): warning C4067: непредвиденные лексемы за директивой препроцессора, требуется newline
  (компиляция исходного файла "Shop.cpp")
  
D:\GitHub\Paleontologist-simulator-2.0\Paleontologist-simulator-2.0\Paleontologist simulator 2.0\Paleontologist simulator 2.0\Museum.h(56,8): error C3646: Text: неизвестный спецификатор переопределения
  (компиляция исходного файла "Shop.cpp")
  
D:\GitHub\Paleontologist-simulator-2.0\Paleontologist-simulator-2.0\Paleontologist simulator 2.0\Paleontologist simulator 2.0\Museum.h(56,5): error C4430: отсутствует спецификатор типа - предполагается int. Примечание. C++ не поддерживает int по умолчанию
  (компиляция исходного файла "Shop.cpp")
  
  Tyrannosaurus.cpp
D:\GitHub\Paleontologist-simulator-2.0\Paleontologist-simulator-2.0\Paleontologist simulator 2.0\Paleontologist simulator 2.0\UI.h(5,10): warning C4067: непредвиденные лексемы за директивой препроцессора, требуется newline
  (компиляция исходного файла "Tyrannosaurus.cpp")
  
D:\GitHub\Paleontologist-simulator-2.0\Paleontologist-simulator-2.0\Paleontologist simulator 2.0\Paleontologist simulator 2.0\Museum.h(56,8): error C3646: Text: неизвестный спецификатор переопределения
  (компиляция исходного файла "Tyrannosaurus.cpp")
  
D:\GitHub\Paleontologist-simulator-2.0\Paleontologist-simulator-2.0\Paleontologist simulator 2.0\Paleontologist simulator 2.0\Museum.h(56,5): error C4430: отсутствует спецификатор типа - предполагается int. Примечание. C++ не поддерживает int по умолчанию
  (компиляция исходного файла "Tyrannosaurus.cpp")
  
  UI.cpp
D:\GitHub\Paleontologist-simulator-2.0\Paleontologist-simulator-2.0\Paleontologist simulator 2.0\Paleontologist simulator 2.0\UI.h(5,10): warning C4067: непредвиденные лексемы за директивой препроцессора, требуется newline
  (компиляция исходного файла "UI.cpp")
  
D:\GitHub\Paleontologist-simulator-2.0\Paleontologist-simulator-2.0\Paleontologist simulator 2.0\Paleontologist simulator 2.0\Museum.h(56,8): error C3646: Text: неизвестный спецификатор переопределения
  (компиляция исходного файла "UI.cpp")
  
D:\GitHub\Paleontologist-simulator-2.0\Paleontologist-simulator-2.0\Paleontologist simulator 2.0\Paleontologist simulator 2.0\Museum.h(56,5): error C4430: отсутствует спецификатор типа - предполагается int. Примечание. C++ не поддерживает int по умолчанию
  (компиляция исходного файла "UI.cpp")
  
D:\GitHub\Paleontologist-simulator-2.0\Paleontologist-simulator-2.0\Paleontologist simulator 2.0\Paleontologist simulator 2.0\UI.cpp(95,35): warning C4305: аргумент: усечение из "double" в "float"
D:\GitHub\Paleontologist-simulator-2.0\Paleontologist-simulator-2.0\Paleontologist simulator 2.0\Paleontologist simulator 2.0\UI.cpp(95,29): warning C4305: аргумент: усечение из "double" в "float"
D:\GitHub\Paleontologist-simulator-2.0\Paleontologist-simulator-2.0\Paleontologist simulator 2.0\Paleontologist simulator 2.0\UI.cpp(107,34): warning C4305: аргумент: усечение из "double" в "float"
D:\GitHub\Paleontologist-simulator-2.0\Paleontologist-simulator-2.0\Paleontologist simulator 2.0\Paleontologist simulator 2.0\UI.cpp(107,28): warning C4305: аргумент: усечение из "double" в "float"
D:\GitHub\Paleontologist-simulator-2.0\Paleontologist-simulator-2.0\Paleontologist simulator 2.0\Paleontologist simulator 2.0\UI.cpp(119,33): warning C4305: аргумент: усечение из "double" в "float"
D:\GitHub\Paleontologist-simulator-2.0\Paleontologist-simulator-2.0\Paleontologist simulator 2.0\Paleontologist simulator 2.0\UI.cpp(119,27): warning C4305: аргумент: усечение из "double" в "float"
D:\GitHub\Paleontologist-simulator-2.0\Paleontologist-simulator-2.0\Paleontologist simulator 2.0\Paleontologist simulator 2.0\UI.cpp(131,32): warning C4305: аргумент: усечение из "double" в "float"
D:\GitHub\Paleontologist-simulator-2.0\Paleontologist-simulator-2.0\Paleontologist simulator 2.0\Paleontologist simulator 2.0\UI.cpp(131,26): warning C4305: аргумент: усечение из "double" в "float"
D:\GitHub\Paleontologist-simulator-2.0\Paleontologist-simulator-2.0\Paleontologist simulator 2.0\Paleontologist simulator 2.0\UI.cpp(143,36): warning C4305: аргумент: усечение из "double" в "float"
D:\GitHub\Paleontologist-simulator-2.0\Paleontologist-simulator-2.0\Paleontologist simulator 2.0\Paleontologist simulator 2.0\UI.cpp(143,30): warning C4305: аргумент: усечение из "double" в "float"
  Создание кода...
